<?xml version="1.0" encoding="UTF-8" ?>
<testsuite failures="0" time="0.03" errors="0" skipped="0" tests="3" name="org.exoplatform.document.util.TestFileUtils">
  <properties>
    <property name="java.runtime.name" value="Java(TM) SE Runtime Environment"/>
    <property name="sun.boot.library.path" value="/home/sondn/java/jdk1.6/jre/lib/amd64"/>
    <property name="java.vm.version" value="20.45-b01"/>
    <property name="java.vm.vendor" value="Sun Microsystems Inc."/>
    <property name="java.vendor.url" value="http://java.sun.com/"/>
    <property name="path.separator" value=":"/>
    <property name="java.vm.name" value="Java HotSpot(TM) 64-Bit Server VM"/>
    <property name="file.encoding.pkg" value="sun.io"/>
    <property name="user.country" value="US"/>
    <property name="sun.java.launcher" value="SUN_STANDARD"/>
    <property name="sun.os.patch.level" value="unknown"/>
    <property name="java.vm.specification.name" value="Java Virtual Machine Specification"/>
    <property name="user.dir" value="/home/sondn/java/eXoProjects/exodev/document-handler/document-util"/>
    <property name="java.runtime.version" value="1.6.0_45-b06"/>
    <property name="java.awt.graphicsenv" value="sun.awt.X11GraphicsEnvironment"/>
    <property name="basedir" value="/home/sondn/java/eXoProjects/exodev/document-handler/document-util"/>
    <property name="java.endorsed.dirs" value="/home/sondn/java/jdk1.6/jre/lib/endorsed"/>
    <property name="os.arch" value="amd64"/>
    <property name="surefire.real.class.path" value="/tmp/surefirebooter4269496000529599905.jar"/>
    <property name="java.io.tmpdir" value="/tmp"/>
    <property name="line.separator" value="
"/>
    <property name="java.vm.specification.vendor" value="Sun Microsystems Inc."/>
    <property name="os.name" value="Linux"/>
    <property name="sun.jnu.encoding" value="UTF-8"/>
    <property name="java.library.path" value="/home/sondn/java/jdk1.6/jre/lib/amd64/server:/home/sondn/java/jdk1.6/jre/lib/amd64:/home/sondn/java/jdk1.6/jre/../lib/amd64:/usr/java/packages/lib/amd64:/usr/lib64:/lib64:/lib:/usr/lib"/>
    <property name="surefire.test.class.path" value="/home/sondn/java/eXoProjects/exodev/document-handler/document-util/target/test-classes:/home/sondn/java/eXoProjects/exodev/document-handler/document-util/target/classes:/home/sondn/java/exo-dependencies/repository/commons-lang/commons-lang/2.6/commons-lang-2.6.jar:/home/sondn/java/exo-dependencies/repository/commons-io/commons-io/1.4/commons-io-1.4.jar:/home/sondn/java/exo-dependencies/repository/commons-codec/commons-codec/1.8/commons-codec-1.8.jar:/home/sondn/java/exo-dependencies/repository/junit/junit/4.10/junit-4.10.jar:/home/sondn/java/exo-dependencies/repository/org/hamcrest/hamcrest-core/1.1/hamcrest-core-1.1.jar:/home/sondn/java/exo-dependencies/repository/net/arnx/jsonic/1.3.0/jsonic-1.3.0.jar:/home/sondn/java/exo-dependencies/repository/javax/servlet/servlet-api/2.5/servlet-api-2.5.jar:/home/sondn/java/exo-dependencies/repository/org/picocontainer/picocontainer-tck/2.14.3/picocontainer-tck-2.14.3.jar:/home/sondn/java/exo-dependencies/repository/org/picocontainer/picocontainer/2.14.3/picocontainer-2.14.3.jar:/home/sondn/java/exo-dependencies/repository/javax/annotation/jsr250-api/1.0/jsr250-api-1.0.jar:/home/sondn/java/exo-dependencies/repository/javax/inject/javax.inject/1/javax.inject-1.jar:/home/sondn/java/exo-dependencies/repository/org/jmock/jmock-junit4/2.5.1/jmock-junit4-2.5.1.jar:/home/sondn/java/exo-dependencies/repository/org/jmock/jmock/2.5.1/jmock-2.5.1.jar:/home/sondn/java/exo-dependencies/repository/org/hamcrest/hamcrest-library/1.1/hamcrest-library-1.1.jar:/home/sondn/java/exo-dependencies/repository/junit/junit-dep/4.4/junit-dep-4.4.jar:/home/sondn/java/exo-dependencies/repository/com/thoughtworks/xstream/xstream/1.4.3/xstream-1.4.3.jar:/home/sondn/java/exo-dependencies/repository/xmlpull/xmlpull/1.1.3.1/xmlpull-1.1.3.1.jar:/home/sondn/java/exo-dependencies/repository/xpp3/xpp3_min/1.1.3.4.O/xpp3_min-1.1.3.4.O.jar:/home/sondn/java/exo-dependencies/repository/org/slf4j/slf4j-api/1.7.5/slf4j-api-1.7.5.jar:/home/sondn/java/exo-dependencies/repository/org/slf4j/slf4j-log4j12/1.7.5/slf4j-log4j12-1.7.5.jar:/home/sondn/java/exo-dependencies/repository/log4j/log4j/1.2.17/log4j-1.2.17.jar:"/>
    <property name="java.specification.name" value="Java Platform API Specification"/>
    <property name="java.class.version" value="50.0"/>
    <property name="sun.management.compiler" value="HotSpot 64-Bit Tiered Compilers"/>
    <property name="os.version" value="3.8.0-33-generic"/>
    <property name="user.home" value="/home/sondn"/>
    <property name="user.timezone" value=""/>
    <property name="java.awt.printerjob" value="sun.print.PSPrinterJob"/>
    <property name="file.encoding" value="UTF-8"/>
    <property name="java.specification.version" value="1.6"/>
    <property name="user.name" value="sondn"/>
    <property name="java.class.path" value="/home/sondn/java/eXoProjects/exodev/document-handler/document-util/target/test-classes:/home/sondn/java/eXoProjects/exodev/document-handler/document-util/target/classes:/home/sondn/java/exo-dependencies/repository/commons-lang/commons-lang/2.6/commons-lang-2.6.jar:/home/sondn/java/exo-dependencies/repository/commons-io/commons-io/1.4/commons-io-1.4.jar:/home/sondn/java/exo-dependencies/repository/commons-codec/commons-codec/1.8/commons-codec-1.8.jar:/home/sondn/java/exo-dependencies/repository/junit/junit/4.10/junit-4.10.jar:/home/sondn/java/exo-dependencies/repository/org/hamcrest/hamcrest-core/1.1/hamcrest-core-1.1.jar:/home/sondn/java/exo-dependencies/repository/net/arnx/jsonic/1.3.0/jsonic-1.3.0.jar:/home/sondn/java/exo-dependencies/repository/javax/servlet/servlet-api/2.5/servlet-api-2.5.jar:/home/sondn/java/exo-dependencies/repository/org/picocontainer/picocontainer-tck/2.14.3/picocontainer-tck-2.14.3.jar:/home/sondn/java/exo-dependencies/repository/org/picocontainer/picocontainer/2.14.3/picocontainer-2.14.3.jar:/home/sondn/java/exo-dependencies/repository/javax/annotation/jsr250-api/1.0/jsr250-api-1.0.jar:/home/sondn/java/exo-dependencies/repository/javax/inject/javax.inject/1/javax.inject-1.jar:/home/sondn/java/exo-dependencies/repository/org/jmock/jmock-junit4/2.5.1/jmock-junit4-2.5.1.jar:/home/sondn/java/exo-dependencies/repository/org/jmock/jmock/2.5.1/jmock-2.5.1.jar:/home/sondn/java/exo-dependencies/repository/org/hamcrest/hamcrest-library/1.1/hamcrest-library-1.1.jar:/home/sondn/java/exo-dependencies/repository/junit/junit-dep/4.4/junit-dep-4.4.jar:/home/sondn/java/exo-dependencies/repository/com/thoughtworks/xstream/xstream/1.4.3/xstream-1.4.3.jar:/home/sondn/java/exo-dependencies/repository/xmlpull/xmlpull/1.1.3.1/xmlpull-1.1.3.1.jar:/home/sondn/java/exo-dependencies/repository/xpp3/xpp3_min/1.1.3.4.O/xpp3_min-1.1.3.4.O.jar:/home/sondn/java/exo-dependencies/repository/org/slf4j/slf4j-api/1.7.5/slf4j-api-1.7.5.jar:/home/sondn/java/exo-dependencies/repository/org/slf4j/slf4j-log4j12/1.7.5/slf4j-log4j12-1.7.5.jar:/home/sondn/java/exo-dependencies/repository/log4j/log4j/1.2.17/log4j-1.2.17.jar:"/>
    <property name="java.vm.specification.version" value="1.0"/>
    <property name="sun.arch.data.model" value="64"/>
    <property name="java.home" value="/home/sondn/java/jdk1.6/jre"/>
    <property name="sun.java.command" value="/tmp/surefirebooter4269496000529599905.jar /tmp/surefire2238801102085838098tmp /tmp/surefire6939852422527907561tmp"/>
    <property name="java.specification.vendor" value="Sun Microsystems Inc."/>
    <property name="user.language" value="en"/>
    <property name="java.vm.info" value="mixed mode"/>
    <property name="java.version" value="1.6.0_45"/>
    <property name="java.ext.dirs" value="/home/sondn/java/jdk1.6/jre/lib/ext:/usr/java/packages/lib/ext"/>
    <property name="sun.boot.class.path" value="/home/sondn/java/jdk1.6/jre/lib/resources.jar:/home/sondn/java/jdk1.6/jre/lib/rt.jar:/home/sondn/java/jdk1.6/jre/lib/sunrsasign.jar:/home/sondn/java/jdk1.6/jre/lib/jsse.jar:/home/sondn/java/jdk1.6/jre/lib/jce.jar:/home/sondn/java/jdk1.6/jre/lib/charsets.jar:/home/sondn/java/jdk1.6/jre/lib/modules/jdk.boot.jar:/home/sondn/java/jdk1.6/jre/classes"/>
    <property name="java.vendor" value="Sun Microsystems Inc."/>
    <property name="java.awt.headless" value="true"/>
    <property name="localRepository" value="/home/sondn/java/exo-dependencies/repository"/>
    <property name="file.separator" value="/"/>
    <property name="java.vendor.url.bug" value="http://java.sun.com/cgi-bin/bugreport.cgi"/>
    <property name="sun.cpu.endian" value="little"/>
    <property name="sun.io.unicode.encoding" value="UnicodeLittle"/>
    <property name="sun.desktop" value="gnome"/>
    <property name="sun.cpu.isalist" value=""/>
  </properties>
  <testcase time="0.009" classname="org.exoplatform.document.util.TestFileUtils" name="testRenameFile"/>
  <testcase time="0.001" classname="org.exoplatform.document.util.TestFileUtils" name="testRenameFileDuplicateNotOverwrite"/>
  <testcase time="0.001" classname="org.exoplatform.document.util.TestFileUtils" name="testRenameFileDuplicateOverwrite"/>
</testsuite>